D:\DOCUMENTS\VISUAL STUDIO 2012\PROJECTS\ASD\PROIECT SESIUNE\PROIECT SESIUNE\DEBUG\VC110.PDB
D:\DOCUMENTS\VISUAL STUDIO 2012\PROJECTS\ASD\PROIECT SESIUNE\PROIECT SESIUNE\DEBUG\PROIECT SESIUNE.OBJ
D:\DOCUMENTS\VISUAL STUDIO 2012\PROJECTS\ASD\PROIECT SESIUNE\DEBUG\PROIECT SESIUNE.ILK
D:\DOCUMENTS\VISUAL STUDIO 2012\PROJECTS\ASD\PROIECT SESIUNE\DEBUG\PROIECT SESIUNE.EXE
D:\DOCUMENTS\VISUAL STUDIO 2012\PROJECTS\ASD\PROIECT SESIUNE\DEBUG\PROIECT SESIUNE.PDB
D:\documents\Visual Studio 2012\Projects\ASD\proiect sesiune\proiect sesiune\Debug\proiect sesiune.obj
D:\documents\Visual Studio 2012\Projects\ASD\proiect sesiune\proiect sesiune\Debug\cl.command.1.tlog
D:\documents\Visual Studio 2012\Projects\ASD\proiect sesiune\proiect sesiune\Debug\CL.read.1.tlog
D:\documents\Visual Studio 2012\Projects\ASD\proiect sesiune\proiect sesiune\Debug\CL.write.1.tlog
D:\documents\Visual Studio 2012\Projects\ASD\proiect sesiune\proiect sesiune\Debug\link-cvtres.read.1.tlog
D:\documents\Visual Studio 2012\Projects\ASD\proiect sesiune\proiect sesiune\Debug\link-cvtres.write.1.tlog
D:\documents\Visual Studio 2012\Projects\ASD\proiect sesiune\proiect sesiune\Debug\link-rc.read.1.tlog
D:\documents\Visual Studio 2012\Projects\ASD\proiect sesiune\proiect sesiune\Debug\link-rc.write.1.tlog
D:\documents\Visual Studio 2012\Projects\ASD\proiect sesiune\proiect sesiune\Debug\link.2600-cvtres.read.1.tlog
D:\documents\Visual Studio 2012\Projects\ASD\proiect sesiune\proiect sesiune\Debug\link.2600-cvtres.write.1.tlog
D:\documents\Visual Studio 2012\Projects\ASD\proiect sesiune\proiect sesiune\Debug\link.2600-rc.read.1.tlog
D:\documents\Visual Studio 2012\Projects\ASD\proiect sesiune\proiect sesiune\Debug\link.2600-rc.write.1.tlog
D:\documents\Visual Studio 2012\Projects\ASD\proiect sesiune\proiect sesiune\Debug\link.2600.read.1.tlog
D:\documents\Visual Studio 2012\Projects\ASD\proiect sesiune\proiect sesiune\Debug\link.2600.write.1.tlog
D:\documents\Visual Studio 2012\Projects\ASD\proiect sesiune\proiect sesiune\Debug\link.7328-cvtres.read.1.tlog
D:\documents\Visual Studio 2012\Projects\ASD\proiect sesiune\proiect sesiune\Debug\link.7328-cvtres.write.1.tlog
D:\documents\Visual Studio 2012\Projects\ASD\proiect sesiune\proiect sesiune\Debug\link.7328-rc.read.1.tlog
D:\documents\Visual Studio 2012\Projects\ASD\proiect sesiune\proiect sesiune\Debug\link.7328-rc.write.1.tlog
D:\documents\Visual Studio 2012\Projects\ASD\proiect sesiune\proiect sesiune\Debug\link.7328.read.1.tlog
D:\documents\Visual Studio 2012\Projects\ASD\proiect sesiune\proiect sesiune\Debug\link.7328.write.1.tlog
D:\documents\Visual Studio 2012\Projects\ASD\proiect sesiune\proiect sesiune\Debug\link.9104-cvtres.read.1.tlog
D:\documents\Visual Studio 2012\Projects\ASD\proiect sesiune\proiect sesiune\Debug\link.9104-cvtres.write.1.tlog
D:\documents\Visual Studio 2012\Projects\ASD\proiect sesiune\proiect sesiune\Debug\link.9104-rc.read.1.tlog
D:\documents\Visual Studio 2012\Projects\ASD\proiect sesiune\proiect sesiune\Debug\link.9104-rc.write.1.tlog
D:\documents\Visual Studio 2012\Projects\ASD\proiect sesiune\proiect sesiune\Debug\link.9104.read.1.tlog
D:\documents\Visual Studio 2012\Projects\ASD\proiect sesiune\proiect sesiune\Debug\link.9104.write.1.tlog
D:\documents\Visual Studio 2012\Projects\ASD\proiect sesiune\proiect sesiune\Debug\link.command.1.tlog
D:\documents\Visual Studio 2012\Projects\ASD\proiect sesiune\proiect sesiune\Debug\link.read.1.tlog
D:\documents\Visual Studio 2012\Projects\ASD\proiect sesiune\proiect sesiune\Debug\link.write.1.tlog
D:\documents\Visual Studio 2012\Projects\ASD\proiect sesiune\proiect sesiune\Debug\vc110.idb
D:\documents\Visual Studio 2012\Projects\ASD\proiect sesiune\proiect sesiune\Debug\vc110.pdb
D:\documents\Visual Studio 2012\Projects\ASD\proiect sesiune\Debug\proiect sesiune.pdb
D:\documents\Visual Studio 2012\Projects\ASD\proiect sesiune\Debug\proiect sesiune.exe
D:\documents\Visual Studio 2012\Projects\ASD\proiect sesiune\Debug\proiect sesiune.ilk
